[Mon Feb 02 2015 13:42:27 GMT+0000 (UTC)] INFO API jobs GET: Sales Team Leader - VAD Solutions(38)
[Mon Feb 02 2015 13:42:27 GMT+0000 (UTC)] INFO API jobs GET: Sales Admin Support(36)
API jobs GET: Credit Controller (37)
[Mon Feb 02 2015 13:42:27 GMT+0000 (UTC)] INFO API jobs GET: Business Manager - Linx(42)
[Mon Feb 02 2015 13:42:27 GMT+0000 (UTC)] INFO API jobs GET: Business Development Manager - Server & Storage(41)
[Mon Feb 02 2015 13:42:27 GMT+0000 (UTC)] INFO API jobs GET: Fujitsu Server & Storage Product Manager(40)
[Mon Feb 02 2015 13:42:27 GMT+0000 (UTC)] INFO API jobs GET: Enterprise Sales Team Manager(45)
[Mon Feb 02 2015 13:42:27 GMT+0000 (UTC)] INFO API jobs GET: Business Manager - Microsoft(43)
[Mon Feb 02 2015 13:42:27 GMT+0000 (UTC)] INFO API jobs GET: Senior Internal Enterprise Sales Executive(44)
[Mon Feb 02 2015 13:42:27 GMT+0000 (UTC)] INFO API jobs GET: PC Product Specialist(48)
[Mon Feb 02 2015 13:42:27 GMT+0000 (UTC)] INFO API jobs GET: Epsom Product Manager(49)
[Mon Feb 02 2015 13:42:27 GMT+0000 (UTC)] INFO API jobs GET: Dell Product Specialist (47)
[Mon Feb 02 2015 13:42:27 GMT+0000 (UTC)] INFO API jobs GET: Operations Finance Manager(46)
[Mon Feb 02 2015 13:42:27 GMT+0000 (UTC)] INFO API jobs GET: Senior Category Manager - Office Products(53)
[Mon Feb 02 2015 13:42:27 GMT+0000 (UTC)] INFO API jobs GET: Retail Analyst(52)
[Mon Feb 02 2015 13:42:27 GMT+0000 (UTC)] INFO API jobs GET: Retail Account Director(50)
API jobs GET: Brother Product Specialist(51)
[Mon Feb 02 2015 13:42:27 GMT+0000 (UTC)] INFO API jobs GET: Business Manager - Linx(56)
[Mon Feb 02 2015 13:42:27 GMT+0000 (UTC)] INFO API jobs GET: Junior Website Designer(55)
[Mon Feb 02 2015 13:42:27 GMT+0000 (UTC)] INFO API jobs GET: Logitech Product Specialist(54)
[Mon Feb 02 2015 13:42:27 GMT+0000 (UTC)] INFO API jobs GET: Windows Support Manager(60)
[Mon Feb 02 2015 13:42:27 GMT+0000 (UTC)] INFO API jobs GET: Belkin Product Manager(59)
[Mon Feb 02 2015 13:42:27 GMT+0000 (UTC)] INFO API jobs GET: Tactical Server & Storage Product Manager(58)
[Mon Feb 02 2015 13:42:27 GMT+0000 (UTC)] INFO API jobs GET: Fujitsu Server & Storage Product Manager(57)
[Mon Feb 02 2015 13:42:27 GMT+0000 (UTC)] INFO API jobs GET: 2nd Line support Consultant -  Vad Solutions(64)
[Mon Feb 02 2015 13:42:27 GMT+0000 (UTC)] INFO API jobs GET: Sales Executive(63)
[Mon Feb 02 2015 13:42:27 GMT+0000 (UTC)] INFO API jobs GET: Dell Product Specialist (62)
[Mon Feb 02 2015 13:42:27 GMT+0000 (UTC)] INFO API jobs GET: Product Specialist(61)
[Mon Feb 02 2015 13:44:56 GMT+0000 (UTC)] INFO HIT / 213.122.164.130
[Mon Feb 02 2015 13:50:20 GMT+0000 (UTC)] INFO HIT /_GALAXY_ 54.217.231.21
[Mon Feb 02 2015 13:50:39 GMT+0000 (UTC)] INFO HIT /_GALAXY_ 54.217.231.21
[Mon Feb 02 2015 13:54:56 GMT+0000 (UTC)] INFO HIT / 213.122.164.130
[Mon Feb 02 2015 14:00:35 GMT+0000 (UTC)] INFO HIT /api/jobs 195.171.31.71
[Mon Feb 02 2015 14:00:35 GMT+0000 (UTC)] INFO API:jobs
[Mon Feb 02 2015 14:00:35 GMT+0000 (UTC)] INFO GET api/jobs
[Mon Feb 02 2015 14:00:35 GMT+0000 (UTC)] INFO API jobs GET: Networks & Tier 1 Mobile Business Development Manager(1)
[Mon Feb 02 2015 14:00:35 GMT+0000 (UTC)] INFO API jobs GET: Head of Sales - Retail(0)
[Mon Feb 02 2015 14:00:35 GMT+0000 (UTC)] INFO API jobs GET: Learning & Development Executive(4)
[Mon Feb 02 2015 14:00:35 GMT+0000 (UTC)] INFO API jobs GET: Windows Support Manager(3)
[Mon Feb 02 2015 14:00:35 GMT+0000 (UTC)] INFO API jobs GET: B2B Finance Manager(2)
[Mon Feb 02 2015 14:00:35 GMT+0000 (UTC)] INFO API jobs GET: Technical Support - Vad Solutions(8)
[Mon Feb 02 2015 14:00:35 GMT+0000 (UTC)] INFO API jobs GET: Senior Internal Enterprise Sales Executive(7)
[Mon Feb 02 2015 14:00:35 GMT+0000 (UTC)] INFO API jobs GET: Recurring Revenue Accounts Assistant(6)
[Mon Feb 02 2015 14:00:35 GMT+0000 (UTC)] INFO API jobs GET: Windows Support Manager(5)
[Mon Feb 02 2015 14:00:35 GMT+0000 (UTC)] INFO API jobs GET: Components Product Manager(12)
[Mon Feb 02 2015 14:00:35 GMT+0000 (UTC)] INFO API jobs GET: Computing Purchasing Category Manager(11)
[Mon Feb 02 2015 14:00:35 GMT+0000 (UTC)] INFO API jobs GET: Sales Executive(10)
[Mon Feb 02 2015 14:00:35 GMT+0000 (UTC)] INFO API jobs GET: Mobile Sales Executive(9)
[Mon Feb 02 2015 14:00:35 GMT+0000 (UTC)] INFO API jobs GET: Mobile Sales Executive (16)
[Mon Feb 02 2015 14:00:35 GMT+0000 (UTC)] INFO API jobs GET: Lexmark Product Specialist(15)
[Mon Feb 02 2015 14:00:35 GMT+0000 (UTC)] INFO API jobs GET: Accessories Business Manager(14)
[Mon Feb 02 2015 14:00:35 GMT+0000 (UTC)] INFO API jobs GET: Sales Executive(13)
[Mon Feb 02 2015 14:00:35 GMT+0000 (UTC)] INFO API jobs GET: Category Manager - Office Products(21)
[Mon Feb 02 2015 14:00:35 GMT+0000 (UTC)] INFO API jobs GET: Commercial Assistant (22)
[Mon Feb 02 2015 14:00:35 GMT+0000 (UTC)] INFO API jobs GET: IT Sales Executive(20)
[Mon Feb 02 2015 14:00:35 GMT+0000 (UTC)] INFO API jobs GET: Marketing Manager(19)
[Mon Feb 02 2015 14:00:35 GMT+0000 (UTC)] INFO API jobs GET: Internal Communications Officer(18)
[Mon Feb 02 2015 14:00:35 GMT+0000 (UTC)] INFO API jobs GET: Independent Account Manager(17)
[Mon Feb 02 2015 14:00:35 GMT+0000 (UTC)] INFO API jobs GET: Sales Admin Support(28)
[Mon Feb 02 2015 14:00:35 GMT+0000 (UTC)] INFO API jobs GET: Shift Manager(26)
[Mon Feb 02 2015 14:00:35 GMT+0000 (UTC)] INFO API jobs GET: Retail Analyst Harlow(27)
[Mon Feb 02 2015 14:00:35 GMT+0000 (UTC)] INFO API jobs GET: Tactical Server & Storage Product Manager(23)
[Mon Feb 02 2015 14:00:35 GMT+0000 (UTC)] INFO API jobs GET: Belkin Product Manager(25)
[Mon Feb 02 2015 14:00:35 GMT+0000 (UTC)] INFO API jobs GET: Sales Team Manager(24)
[Mon Feb 02 2015 14:00:35 GMT+0000 (UTC)] INFO API jobs GET: Marketing Manager(30)
[Mon Feb 02 2015 14:00:35 GMT+0000 (UTC)] INFO API jobs GET: Business Development Manager - Server & Storage(29)
[Mon Feb 02 2015 14:00:35 GMT+0000 (UTC)] INFO API jobs GET: PC Product Specialist(34)
[Mon Feb 02 2015 14:00:35 GMT+0000 (UTC)] INFO API jobs GET: Sales Admin Support(36)
[Mon Feb 02 2015 14:00:35 GMT+0000 (UTC)] INFO API jobs GET: Epsom Product Manager(35)
[Mon Feb 02 2015 14:00:35 GMT+0000 (UTC)] INFO API jobs GET: Operations Finance Manager(33)
[Mon Feb 02 2015 14:00:35 GMT+0000 (UTC)] INFO API jobs GET: Accounts Assistant(32)
[Mon Feb 02 2015 14:00:35 GMT+0000 (UTC)] INFO API jobs GET: Enterprise Sales Team Manager(31)
[Mon Feb 02 2015 14:00:35 GMT+0000 (UTC)] INFO API jobs GET: Assistant Analyst(39)
[Mon Feb 02 2015 14:00:35 GMT+0000 (UTC)] INFO API jobs GET: Business Development Manager - Server & Storage(41)
[Mon Feb 02 2015 14:00:35 GMT+0000 (UTC)] INFO API jobs GET: Fujitsu Server & Storage Product Manager(40)
[Mon Feb 02 2015 14:00:35 GMT+0000 (UTC)] INFO API jobs GET: Sales Team Leader - VAD Solutions(38)
[Mon Feb 02 2015 14:00:35 GMT+0000 (UTC)] INFO API jobs GET: Credit Controller (37)
[Mon Feb 02 2015 14:00:35 GMT+0000 (UTC)] INFO API jobs GET: Business Manager - Microsoft(43)
[Mon Feb 02 2015 14:00:35 GMT+0000 (UTC)] INFO API jobs GET: Senior Internal Enterprise Sales Executive(44)
[Mon Feb 02 2015 14:00:35 GMT+0000 (UTC)] INFO API jobs GET: Business Manager - Linx(42)
[Mon Feb 02 2015 14:00:35 GMT+0000 (UTC)] INFO API jobs GET: Dell Product Specialist (47)
[Mon Feb 02 2015 14:00:35 GMT+0000 (UTC)] INFO API jobs GET: Operations Finance Manager(46)
[Mon Feb 02 2015 14:00:35 GMT+0000 (UTC)] INFO API jobs GET: Enterprise Sales Team Manager(45)
[Mon Feb 02 2015 14:00:35 GMT+0000 (UTC)] INFO API jobs GET: Retail Analyst(52)
[Mon Feb 02 2015 14:00:35 GMT+0000 (UTC)] INFO API jobs GET: Brother Product Specialist(51)
[Mon Feb 02 2015 14:00:35 GMT+0000 (UTC)] INFO API jobs GET: PC Product Specialist(48)
[Mon Feb 02 2015 14:00:35 GMT+0000 (UTC)] INFO API jobs GET: Retail Account Director(50)
[Mon Feb 02 2015 14:00:35 GMT+0000 (UTC)] INFO API jobs GET: Epsom Product Manager(49)
[Mon Feb 02 2015 14:00:35 GMT+0000 (UTC)] INFO API jobs GET: Business Manager - Linx(56)
[Mon Feb 02 2015 14:00:35 GMT+0000 (UTC)] INFO API jobs GET: Junior Website Designer(55)
[Mon Feb 02 2015 14:00:35 GMT+0000 (UTC)] INFO API jobs GET: Senior Category Manager - Office Products(53)
[Mon Feb 02 2015 14:00:35 GMT+0000 (UTC)] INFO API jobs GET: Logitech Product Specialist(54)
[Mon Feb 02 2015 14:00:35 GMT+0000 (UTC)] INFO API jobs GET: Tactical Server & Storage Product Manager(58)
[Mon Feb 02 2015 14:00:35 GMT+0000 (UTC)] INFO API jobs GET: Windows Support Manager(60)
[Mon Feb 02 2015 14:00:35 GMT+0000 (UTC)] INFO API jobs GET: Belkin Product Manager(59)
[Mon Feb 02 2015 14:00:35 GMT+0000 (UTC)] INFO API jobs GET: Product Specialist(61)
[Mon Feb 02 2015 14:00:35 GMT+0000 (UTC)] INFO API jobs GET: Fujitsu Server & Storage Product Manager(57)
[Mon Feb 02 2015 14:00:35 GMT+0000 (UTC)] INFO API jobs GET: 2nd Line support Consultant -  Vad Solutions(64)
[Mon Feb 02 2015 14:00:35 GMT+0000 (UTC)] INFO API jobs GET: Sales Executive(63)
[Mon Feb 02 2015 14:00:35 GMT+0000 (UTC)] INFO API jobs GET: Dell Product Specialist (62)
[Mon Feb 02 2015 14:03:53 GMT+0000 (UTC)] INFO HIT /_GALAXY_ 54.217.231.21
[Mon Feb 02 2015 14:04:31 GMT+0000 (UTC)] INFO HIT /_GALAXY_ 54.217.231.21
