[Mon Mar 09 2015 11:45:35 GMT+0000 (UTC)] INFO API jobs GET: Technical Support - Vad Solutions(11)
[Mon Mar 09 2015 11:45:35 GMT+0000 (UTC)] INFO API jobs GET: Technical Support - Vad Solutions(10)
[Mon Mar 09 2015 11:45:35 GMT+0000 (UTC)] INFO API jobs GET: Senior Internal Enterprise Sales Executive(9)
[Mon Mar 09 2015 11:45:35 GMT+0000 (UTC)] INFO API jobs GET: Accessories Business Manager(17)
[Mon Mar 09 2015 11:45:35 GMT+0000 (UTC)] INFO API jobs GET: Sales Executive(16)
[Mon Mar 09 2015 11:45:35 GMT+0000 (UTC)] INFO API jobs GET: Components Product Manager(15)
[Mon Mar 09 2015 11:45:35 GMT+0000 (UTC)] INFO API jobs GET: Marketing Manager(22)
[Mon Mar 09 2015 11:45:35 GMT+0000 (UTC)] INFO API jobs GET: Internal Communications Officer(21)
[Mon Mar 09 2015 11:45:35 GMT+0000 (UTC)] INFO API jobs GET: Independent Account Manager(20)
[Mon Mar 09 2015 11:45:35 GMT+0000 (UTC)] INFO API jobs GET: Mobile Sales Executive (19)
[Mon Mar 09 2015 11:45:35 GMT+0000 (UTC)] INFO API jobs GET: Lexmark Product Specialist(18)
[Mon Mar 09 2015 11:45:35 GMT+0000 (UTC)] INFO API jobs GET: Sales Team Manager(27)
[Mon Mar 09 2015 11:45:35 GMT+0000 (UTC)] INFO API jobs GET: Tactical Server & Storage Product Manager(26)
[Mon Mar 09 2015 11:45:35 GMT+0000 (UTC)] INFO API jobs GET: Commercial Assistant (25)
[Mon Mar 09 2015 11:45:35 GMT+0000 (UTC)] INFO API jobs GET: Category Manager - Office Products(24)
[Mon Mar 09 2015 11:45:35 GMT+0000 (UTC)] INFO API jobs GET: IT Sales Executive(23)
[Mon Mar 09 2015 11:45:35 GMT+0000 (UTC)] INFO API jobs GET: Business Development Manager - Server & Storage(32)
[Mon Mar 09 2015 11:45:35 GMT+0000 (UTC)] INFO API jobs GET: Sales Admin Support(31)
[Mon Mar 09 2015 11:45:35 GMT+0000 (UTC)] INFO API jobs GET: Retail Analyst Harlow(30)
[Mon Mar 09 2015 11:45:35 GMT+0000 (UTC)] INFO API jobs GET: Shift Manager(29)
[Mon Mar 09 2015 11:45:35 GMT+0000 (UTC)] INFO API jobs GET: Belkin Product Manager(28)
[Mon Mar 09 2015 11:45:35 GMT+0000 (UTC)] INFO API jobs GET: Operations Finance Manager(36)
[Mon Mar 09 2015 11:45:35 GMT+0000 (UTC)] INFO API jobs GET: Accounts Assistant(35)
[Mon Mar 09 2015 11:45:35 GMT+0000 (UTC)] INFO API jobs GET: Enterprise Sales Team Manager(34)
[Mon Mar 09 2015 11:45:35 GMT+0000 (UTC)] INFO API jobs GET: Marketing Manager(33)
[Mon Mar 09 2015 11:45:35 GMT+0000 (UTC)] INFO API jobs GET: Sales Team Manager (41)
[Mon Mar 09 2015 11:45:35 GMT+0000 (UTC)] INFO API jobs GET: Sales Ledger(40)
[Mon Mar 09 2015 11:45:35 GMT+0000 (UTC)] INFO API jobs GET: Buyer(39)
[Mon Mar 09 2015 11:45:35 GMT+0000 (UTC)] INFO API jobs GET: Junior Analyst Assistant (38)
[Mon Mar 09 2015 11:45:35 GMT+0000 (UTC)] INFO API jobs GET: PC Product Specialist(37)
[Mon Mar 09 2015 11:45:35 GMT+0000 (UTC)] INFO API jobs GET: Sales Executive(44)
[Mon Mar 09 2015 11:45:35 GMT+0000 (UTC)] INFO API jobs GET: Buyer(43)
[Mon Mar 09 2015 11:45:35 GMT+0000 (UTC)] INFO API jobs GET: Junior Website Designer(42)
[Mon Mar 09 2015 11:45:35 GMT+0000 (UTC)] INFO API jobs GET: 2nd Line support Consultant -  Vad Solutions(50)
[Mon Mar 09 2015 11:45:35 GMT+0000 (UTC)] INFO API jobs GET: Shift Manager(49)
[Mon Mar 09 2015 11:45:35 GMT+0000 (UTC)] INFO API jobs GET: Sales Executive(48)
[Mon Mar 09 2015 11:45:35 GMT+0000 (UTC)] INFO API jobs GET: Independent Account Manager(47)
[Mon Mar 09 2015 11:45:35 GMT+0000 (UTC)] INFO API jobs GET: Belkin Product Manager(46)
[Mon Mar 09 2015 11:45:35 GMT+0000 (UTC)] INFO API jobs GET: Sales Ledger(45)
[Mon Mar 09 2015 11:45:35 GMT+0000 (UTC)] INFO API jobs GET: Business Development Manager - Server & Storage(54)
[Mon Mar 09 2015 11:45:35 GMT+0000 (UTC)] INFO API jobs GET: Fujitsu Server & Storage Product Manager(53)
[Mon Mar 09 2015 11:45:35 GMT+0000 (UTC)] INFO API jobs GET: Assistant Analyst(52)
[Mon Mar 09 2015 11:45:35 GMT+0000 (UTC)] INFO API jobs GET: Sales Executive(51)
[Mon Mar 09 2015 11:45:35 GMT+0000 (UTC)] INFO API jobs GET: Enterprise Sales Team Manager(58)
[Mon Mar 09 2015 11:45:35 GMT+0000 (UTC)] INFO API jobs GET: Senior Internal Enterprise Sales Executive(57)
[Mon Mar 09 2015 11:45:35 GMT+0000 (UTC)] INFO API jobs GET: Business Manager - Microsoft(56)
[Mon Mar 09 2015 11:45:35 GMT+0000 (UTC)] INFO API jobs GET: Business Manager - Linx(55)
[Mon Mar 09 2015 11:45:35 GMT+0000 (UTC)] INFO API jobs GET: Retail Account Director(63)
[Mon Mar 09 2015 11:45:35 GMT+0000 (UTC)] INFO API jobs GET: Epsom Product Manager(62)
[Mon Mar 09 2015 11:45:35 GMT+0000 (UTC)] INFO API jobs GET: PC Product Specialist(61)
[Mon Mar 09 2015 11:45:35 GMT+0000 (UTC)] INFO API jobs GET: Dell Product Specialist (60)
[Mon Mar 09 2015 11:45:35 GMT+0000 (UTC)] INFO API jobs GET: Operations Finance Manager(59)
[Mon Mar 09 2015 11:45:35 GMT+0000 (UTC)] INFO API jobs GET: Logitech Product Specialist(67)
[Mon Mar 09 2015 11:45:35 GMT+0000 (UTC)] INFO API jobs GET: Senior Category Manager - Office Products(66)
[Mon Mar 09 2015 11:45:35 GMT+0000 (UTC)] INFO API jobs GET: Retail Analyst(65)
[Mon Mar 09 2015 11:45:35 GMT+0000 (UTC)] INFO API jobs GET: Brother Product Specialist(64)
[Mon Mar 09 2015 11:45:35 GMT+0000 (UTC)] INFO API jobs GET: Belkin Product Manager(72)
[Mon Mar 09 2015 11:45:35 GMT+0000 (UTC)] INFO API jobs GET: Tactical Server & Storage Product Manager(71)
[Mon Mar 09 2015 11:45:35 GMT+0000 (UTC)] INFO API jobs GET: Fujitsu Server & Storage Product Manager(70)
[Mon Mar 09 2015 11:45:35 GMT+0000 (UTC)] INFO API jobs GET: Business Manager - Linx(69)
[Mon Mar 09 2015 11:45:35 GMT+0000 (UTC)] INFO API jobs GET: Junior Website Designer(68)
[Mon Mar 09 2015 11:45:35 GMT+0000 (UTC)] INFO API jobs GET: 2nd Line support Consultant -  Vad Solutions(77)
API jobs GET: Business Manager (78)
[Mon Mar 09 2015 11:45:35 GMT+0000 (UTC)] INFO API jobs GET: Sales Executive(76)
[Mon Mar 09 2015 11:45:35 GMT+0000 (UTC)] INFO API jobs GET: Dell Product Specialist (75)
[Mon Mar 09 2015 11:45:35 GMT+0000 (UTC)] INFO API jobs GET: Product Specialist(74)
[Mon Mar 09 2015 11:45:35 GMT+0000 (UTC)] INFO API jobs GET: Windows Support Manager(73)
[Mon Mar 09 2015 11:45:35 GMT+0000 (UTC)] INFO API jobs GET: Sales Team Manager (81)
API jobs GET: Windows Support Manager(82)
[Mon Mar 09 2015 11:45:35 GMT+0000 (UTC)] INFO API jobs GET: Mobile Network Account Manager(80)
[Mon Mar 09 2015 11:45:35 GMT+0000 (UTC)] INFO API jobs GET: Retail Analyst Harlow(79)
[Mon Mar 09 2015 11:45:35 GMT+0000 (UTC)] INFO API jobs GET: Business Manager - Linx(87)
[Mon Mar 09 2015 11:45:35 GMT+0000 (UTC)] INFO API jobs GET: Tactical Server & Storage Product Manager(86)
[Mon Mar 09 2015 11:45:35 GMT+0000 (UTC)] INFO API jobs GET: Enterprise Sales Team Manager(85)
[Mon Mar 09 2015 11:45:35 GMT+0000 (UTC)] INFO API jobs GET: Fujitsu Server & Storage Product Manager(84)
[Mon Mar 09 2015 11:45:35 GMT+0000 (UTC)] INFO API jobs GET: Dell Product Specialist (83)
[Mon Mar 09 2015 11:45:35 GMT+0000 (UTC)] INFO API jobs GET: Learning & Development Executive(91)
[Mon Mar 09 2015 11:45:35 GMT+0000 (UTC)] INFO API jobs GET: Senior Category Manager - Office Products(90)
[Mon Mar 09 2015 11:45:35 GMT+0000 (UTC)] INFO API jobs GET: Senior Internal Enterprise Sales Executive(89)
[Mon Mar 09 2015 11:45:35 GMT+0000 (UTC)] INFO API jobs GET: Business Development Manager - Server & Storage(88)
[Mon Mar 09 2015 11:45:35 GMT+0000 (UTC)] INFO API jobs GET: Mobile Sales Executive (95)
[Mon Mar 09 2015 11:45:35 GMT+0000 (UTC)] INFO API jobs GET: Accessories Business Manager(94)
[Mon Mar 09 2015 11:45:35 GMT+0000 (UTC)] INFO API jobs GET: Logitech Product Specialist(93)
[Mon Mar 09 2015 11:45:35 GMT+0000 (UTC)] INFO API jobs GET: Category Manager - Office Products(92)
[Mon Mar 09 2015 11:45:35 GMT+0000 (UTC)] INFO API jobs GET: Business Development Manager - VAD Solutions (100)
[Mon Mar 09 2015 11:45:35 GMT+0000 (UTC)] INFO API jobs GET: Retail Account Director(98)
API jobs GET: Assistant Buyer(99)
[Mon Mar 09 2015 11:45:35 GMT+0000 (UTC)] INFO API jobs GET: IT Sales Executive(97)
[Mon Mar 09 2015 11:45:35 GMT+0000 (UTC)] INFO API jobs GET: Independent Account Manager(96)
[Mon Mar 09 2015 11:45:35 GMT+0000 (UTC)] INFO API jobs GET: Mobile Hardware Business Developement Manager(101)
[Mon Mar 09 2015 11:45:35 GMT+0000 (UTC)] INFO API jobs GET: Operations Finance Manager(104)
[Mon Mar 09 2015 11:45:35 GMT+0000 (UTC)] INFO API jobs GET: Business Development Manager - Major Accounts(103)
[Mon Mar 09 2015 11:45:35 GMT+0000 (UTC)] INFO API jobs GET: Traniee/Junior Learning and Development (102)
[Mon Mar 09 2015 11:45:35 GMT+0000 (UTC)] INFO API jobs GET: Business Manager (107)
[Mon Mar 09 2015 11:45:35 GMT+0000 (UTC)] INFO API jobs GET: Shift Manager(106)
[Mon Mar 09 2015 11:45:35 GMT+0000 (UTC)] INFO API jobs GET: Product Specialist(105)
[Mon Mar 09 2015 11:45:35 GMT+0000 (UTC)] INFO API jobs GET: Accounts Payable Clerk(108)
[Mon Mar 09 2015 11:45:54 GMT+0000 (UTC)] INFO HIT / 213.122.164.130
[Mon Mar 09 2015 11:55:55 GMT+0000 (UTC)] INFO HIT / 213.122.164.130
[Mon Mar 09 2015 12:05:47 GMT+0000 (UTC)] INFO HIT /_GALAXY_ 54.217.231.21
[Mon Mar 09 2015 12:05:55 GMT+0000 (UTC)] INFO HIT / 213.122.164.130
[Mon Mar 09 2015 12:10:14 GMT+0000 (UTC)] INFO HIT /_GALAXY_ 54.217.231.21
[Mon Mar 09 2015 12:10:57 GMT+0000 (UTC)] INFO HIT /_GALAXY_ 54.217.231.21
